2024-04-29T18:58:32.805+02:00  INFO 7128 --- [main] Proyecto.Java.Final.Aplicacion           : Starting Aplicacion using Java 21 with PID 7128 (C:\Users\josem\OneDrive\Escritorio\Proyecto.RoBanck.Java\target\classes started by josem in C:\Users\josem\OneDrive\Escritorio\Proyecto.RoBanck.Java)
2024-04-29T18:58:32.811+02:00  INFO 7128 --- [main] Proyecto.Java.Final.Aplicacion           : No active profile set, falling back to 1 default profile: "default"
2024-04-29T18:58:33.933+02:00  INFO 7128 --- [main] .s.d.r.c.RepositoryConfigurationDelegate : Bootstrapping Spring Data JPA repositories in DEFAULT mode.
2024-04-29T18:58:34.046+02:00  INFO 7128 --- [main] .s.d.r.c.RepositoryConfigurationDelegate : Finished Spring Data repository scanning in 101 ms. Found 6 JPA repository interfaces.
2024-04-29T18:58:34.916+02:00  INFO 7128 --- [main] o.s.b.w.embedded.tomcat.TomcatWebServer  : Tomcat initialized with port 8080 (http)
2024-04-29T18:58:34.929+02:00  INFO 7128 --- [main] o.apache.catalina.core.StandardService   : Starting service [Tomcat]
2024-04-29T18:58:34.929+02:00  INFO 7128 --- [main] o.apache.catalina.core.StandardEngine    : Starting Servlet engine: [Apache Tomcat/10.1.16]
2024-04-29T18:58:35.032+02:00  INFO 7128 --- [main] o.a.c.c.C.[Tomcat].[localhost].[/]       : Initializing Spring embedded WebApplicationContext
2024-04-29T18:58:35.033+02:00  INFO 7128 --- [main] w.s.c.ServletWebServerApplicationContext : Root WebApplicationContext: initialization completed in 2156 ms
2024-04-29T18:58:35.250+02:00  INFO 7128 --- [main] o.hibernate.jpa.internal.util.LogHelper  : HHH000204: Processing PersistenceUnitInfo [name: default]
2024-04-29T18:58:35.347+02:00  INFO 7128 --- [main] org.hibernate.Version                    : HHH000412: Hibernate ORM core version 6.3.1.Final
2024-04-29T18:58:35.406+02:00  INFO 7128 --- [main] o.h.c.internal.RegionFactoryInitiator    : HHH000026: Second-level cache disabled
2024-04-29T18:58:35.753+02:00  INFO 7128 --- [main] o.s.o.j.p.SpringPersistenceUnitInfo      : No LoadTimeWeaver setup: ignoring JPA class transformer
2024-04-29T18:58:35.794+02:00  INFO 7128 --- [main] com.zaxxer.hikari.HikariDataSource       : HikariPool-1 - Starting...
2024-04-29T18:58:35.999+02:00  INFO 7128 --- [main] com.zaxxer.hikari.pool.HikariPool        : HikariPool-1 - Added connection org.postgresql.jdbc.PgConnection@395281c2
2024-04-29T18:58:36.001+02:00  INFO 7128 --- [main] com.zaxxer.hikari.HikariDataSource       : HikariPool-1 - Start completed.
2024-04-29T18:58:36.055+02:00  WARN 7128 --- [main] org.hibernate.orm.deprecation            : HHH90000025: PostgreSQLDialect does not need to be specified explicitly using 'hibernate.dialect' (remove the property setting and it will be selected by default)
2024-04-29T18:58:38.259+02:00  INFO 7128 --- [main] o.h.e.t.j.p.i.JtaPlatformInitiator       : HHH000489: No JTA platform available (set 'hibernate.transaction.jta.platform' to enable JTA platform integration)
2024-04-29T18:58:38.653+02:00  INFO 7128 --- [main] j.LocalContainerEntityManagerFactoryBean : Initialized JPA EntityManagerFactory for persistence unit 'default'
2024-04-29T18:58:39.304+02:00  WARN 7128 --- [main] JpaBaseConfiguration$JpaWebConfiguration : spring.jpa.open-in-view is enabled by default. Therefore, database queries may be performed during view rendering. Explicitly configure spring.jpa.open-in-view to disable this warning
2024-04-29T18:58:39.443+02:00  INFO 7128 --- [main] o.s.b.a.w.s.WelcomePageHandlerMapping    : Adding welcome page template: index
2024-04-29T18:58:40.221+02:00  INFO 7128 --- [main] o.s.s.web.DefaultSecurityFilterChain     : Will secure any request with [org.springframework.security.web.session.DisableEncodeUrlFilter@7f38545a, org.springframework.security.web.context.request.async.WebAsyncManagerIntegrationFilter@549be307, org.springframework.security.web.context.SecurityContextHolderFilter@6347f9cc, org.springframework.security.web.header.HeaderWriterFilter@69862a1, org.springframework.web.filter.CorsFilter@d03cdc7, org.springframework.security.web.csrf.CsrfFilter@1d82d35c, org.springframework.security.web.authentication.logout.LogoutFilter@4ee80a94, org.springframework.security.web.authentication.UsernamePasswordAuthenticationFilter@488c608a, org.springframework.security.web.savedrequest.RequestCacheAwareFilter@467e7793, org.springframework.security.web.servletapi.SecurityContextHolderAwareRequestFilter@3e8995cc, org.springframework.security.web.authentication.AnonymousAuthenticationFilter@59043128, org.springframework.security.web.access.ExceptionTranslationFilter@7e8f97dd, org.springframework.security.web.access.intercept.AuthorizationFilter@1de6f29d]
2024-04-29T18:58:40.765+02:00  INFO 7128 --- [main] o.s.b.w.embedded.tomcat.TomcatWebServer  : Tomcat started on port 8080 (http) with context path ''
2024-04-29T18:58:40.777+02:00  INFO 7128 --- [main] Proyecto.Java.Final.Aplicacion           : Started Aplicacion in 8.516 seconds (process running for 9.467)
2024-04-29T18:59:09.725+02:00  INFO 7128 --- [http-nio-8080-exec-1] o.a.c.c.C.[Tomcat].[localhost].[/]       : Initializing Spring DispatcherServlet 'dispatcherServlet'
2024-04-29T18:59:09.725+02:00  INFO 7128 --- [http-nio-8080-exec-1] o.s.web.servlet.DispatcherServlet        : Initializing Servlet 'dispatcherServlet'
2024-04-29T18:59:09.727+02:00  INFO 7128 --- [http-nio-8080-exec-1] o.s.web.servlet.DispatcherServlet        : Completed initialization in 1 ms
2024-04-29T18:59:09.744+02:00  WARN 7128 --- [http-nio-8080-exec-1] o.s.w.s.h.HandlerMappingIntrospector     : Cache miss for REQUEST dispatch to '/' (previous null). Performing CorsConfiguration lookup. This is logged once only at WARN level, and every time at TRACE.
2024-04-29T18:59:09.753+02:00  WARN 7128 --- [http-nio-8080-exec-1] o.s.w.s.h.HandlerMappingIntrospector     : Cache miss for REQUEST dispatch to '/' (previous null). Performing MatchableHandlerMapping lookup. This is logged once only at WARN level, and every time at TRACE.
2024-04-29T19:41:17.850+02:00  INFO 7128 --- [RMI TCP Connection(46)-127.0.0.1] inMXBeanRegistrar$SpringApplicationAdmin : Application shutdown requested.
2024-04-29T19:41:17.860+02:00  INFO 7128 --- [RMI TCP Connection(46)-127.0.0.1] j.LocalContainerEntityManagerFactoryBean : Closing JPA EntityManagerFactory for persistence unit 'default'
2024-04-29T19:41:17.862+02:00  INFO 7128 --- [RMI TCP Connection(46)-127.0.0.1] com.zaxxer.hikari.HikariDataSource       : HikariPool-1 - Shutdown initiated...
2024-04-29T19:41:17.869+02:00  INFO 7128 --- [RMI TCP Connection(46)-127.0.0.1] com.zaxxer.hikari.HikariDataSource       : HikariPool-1 - Shutdown completed.
